Using pre-set license
Built from '2020.3/staging' branch; Version is '2020.3.10f1 (297d780c91bc) revision 2719096'; Using compiler version '192528614'; Build Type 'Release'
OS: 'Windows 10 Home; OS build 19041.985; Version 2004; 64bit' Language: 'fr' Physical Memory: 16231 MB
BatchMode: 1, IsHumanControllingUs: 0, StartBugReporterOnCrash: 0, Is64bit: 1, IsPro: 0

 COMMAND LINE ARGUMENTS:
C:\Users\ugo\WORK\UNITY EDITORS\2020.3.10f1\Editor\Unity.exe
-adb2
-batchMode
-noUpm
-name
AssetImportWorker0
-projectPath
C:/Users/ugo/WORK/GIT/Unity/Philae-Lander
-logFile
Logs/AssetImportWorker0.log
-srvPort
63950
Successfully changed project path to: C:/Users/ugo/WORK/GIT/Unity/Philae-Lander
C:/Users/ugo/WORK/GIT/Unity/Philae-Lander
Using Asset Import Pipeline V2.
Refreshing native plugins compatible for Editor in 97.39 ms, found 4 plugins.
Preloading 0 native plugins for Editor in 0.00 ms.
Initialize engine version: 2020.3.10f1 (297d780c91bc)
[Subsystems] Discovering subsystems at path C:/Users/ugo/WORK/UNITY EDITORS/2020.3.10f1/Editor/Data/Resources/UnitySubsystems
[Subsystems] Discovering subsystems at path C:/Users/ugo/WORK/GIT/Unity/Philae-Lander/Assets
GfxDevice: creating device client; threaded=0
Direct3D:
    Version:  Direct3D 11.0 [level 11.1]
    Renderer: NVIDIA GeForce RTX 2070 with Max-Q Design (ID=0x1f10)
    Vendor:   
    VRAM:     8031 MB
    Driver:   27.21.14.5655
Initialize mono
Mono path[0] = 'C:/Users/ugo/WORK/UNITY EDITORS/2020.3.10f1/Editor/Data/Managed'
Mono path[1] = 'C:/Users/ugo/WORK/UNITY EDITORS/2020.3.10f1/Editor/Data/MonoBleedingEdge/lib/mono/unityjit'
Mono config path = 'C:/Users/ugo/WORK/UNITY EDITORS/2020.3.10f1/Editor/Data/MonoBleedingEdge/etc'
Using monoOptions --debugger-agent=transport=dt_socket,embedding=1,server=y,suspend=n,address=127.0.0.1:56592
Begin MonoManager ReloadAssembly
Registering precompiled unity dll's ...
Register platform support module: C:/Users/ugo/WORK/UNITY EDITORS/2020.3.10f1/Editor/Data/PlaybackEngines/WindowsStandaloneSupport/UnityEditor.WindowsStandalone.Extensions.dll
Registered in 0.001817 seconds.
Native extension for WindowsStandalone target not found
Refreshing native plugins compatible for Editor in 65.39 ms, found 4 plugins.
Preloading 0 native plugins for Editor in 0.00 ms.
Mono: successfully reloaded assembly
- Completed reload, in  1.100 seconds
Platform modules already initialized, skipping
Registering precompiled user dll's ...
Registered in 0.013660 seconds.
Begin MonoManager ReloadAssembly
Native extension for WindowsStandalone target not found
Refreshing native plugins compatible for Editor in 66.50 ms, found 4 plugins.
Preloading 0 native plugins for Editor in 0.00 ms.
System.ArgumentNullException: Value cannot be null.
Parameter name: fieldInfo
  at Sirenix.Utilities.EmitUtilities.CreateStaticFieldSetter[FieldType] (System.Reflection.FieldInfo fieldInfo) [0x0009e] in D:\Sirenix\Sirenix Solution\Sirenix.Utilities\Misc\EmitUtilities.cs:210 
  at Sirenix.Utilities.Editor.GUIHelper..cctor () [0x001ad] in D:\Sirenix\Sirenix Solution\Sirenix.Utilities.Editor\GUI\GUIHelper.cs:87 
UnityEngine.StackTraceUtility:ExtractStackTrace ()
UnityEngine.DebugLogHandler:LogFormat (UnityEngine.LogType,UnityEngine.Object,string,object[])
UnityEngine.Logger:Log (UnityEngine.LogType,object)
UnityEngine.Debug:LogError (object)
UnityEditor.EditorAssemblies:ProcessInitializeOnLoadAttributes (System.Type[])

Mono: successfully reloaded assembly
- Completed reload, in  2.329 seconds
Platform modules already initialized, skipping
========================================================================
Worker process is ready to serve import requests
Launched and connected shader compiler UnityShaderCompiler.exe after 0.05 seconds
Refreshing native plugins compatible for Editor in 0.86 ms, found 4 plugins.
Preloading 0 native plugins for Editor in 0.00 ms.
Unloading 3129 Unused Serialized files (Serialized files now loaded: 0)
System memory in use before: 144.0 MB.
System memory in use after: 143.8 MB.

Unloading 79 unused Assets to reduce memory usage. Loaded Objects now: 3628.
Total: 31.544200 ms (FindLiveObjects: 0.301300 ms CreateObjectMapping: 0.179100 ms MarkObjects: 30.718500 ms  DeleteObjects: 0.344000 ms)

========================================================================
Received Import Request.
  path: Assets/_Scripts/Game/LD/GravityAttractor/GravityAttractorLD.cs
  artifactKey: Guid(6989d0bf03644e7488abd11d78587687) Importer(815301076,1909f56bfc062723c751e8b465ee728b)
Start importing Assets/_Scripts/Game/LD/GravityAttractor/GravityAttractorLD.cs using Guid(6989d0bf03644e7488abd11d78587687) Importer(815301076,1909f56bfc062723c751e8b465ee728b)  -> (artifact id: '5934baf29a9d514abc2c6613dca6be32') in 0.036089 seconds
  Import took 0.042273 seconds .

========================================================================
Received Import Request.
  Time since last request: 4068.574950 seconds.
  path: Assets/Plugins/DynamicShadowProjector/Scripts/DrawTargetObject.cs
  artifactKey: Guid(1a050537d2f844ad98abece77142c8b3) Importer(815301076,1909f56bfc062723c751e8b465ee728b)
Start importing Assets/Plugins/DynamicShadowProjector/Scripts/DrawTargetObject.cs using Guid(1a050537d2f844ad98abece77142c8b3) Importer(815301076,1909f56bfc062723c751e8b465ee728b)  -> (artifact id: '904af87be31b481eadabcdfb407176e3') in 0.008305 seconds
  Import took 0.014487 seconds .

========================================================================
Received Import Request.
  Time since last request: 577.639984 seconds.
  path: Assets/Plugins/DynamicShadowProjector/Scripts/FollowTargetObject.cs
  artifactKey: Guid(ef0c92f3e870b4e95a1830c653347b2c) Importer(815301076,1909f56bfc062723c751e8b465ee728b)
Start importing Assets/Plugins/DynamicShadowProjector/Scripts/FollowTargetObject.cs using Guid(ef0c92f3e870b4e95a1830c653347b2c) Importer(815301076,1909f56bfc062723c751e8b465ee728b)  -> (artifact id: 'a997b3dc98cc6285e2ec7f4724db1f38') in 0.003708 seconds
  Import took 0.010420 seconds .

========================================================================
Received Import Request.
  Time since last request: 2.009832 seconds.
  path: Assets/Plugins/DynamicShadowProjector/Scripts/ShadowTextureRenderer.cs
  artifactKey: Guid(7b3393d773db443d18bfb7356381fe67) Importer(815301076,1909f56bfc062723c751e8b465ee728b)
Start importing Assets/Plugins/DynamicShadowProjector/Scripts/ShadowTextureRenderer.cs using Guid(7b3393d773db443d18bfb7356381fe67) Importer(815301076,1909f56bfc062723c751e8b465ee728b)  -> (artifact id: '4c5f91b84d3e4fed5e556e66c30962d4') in 0.002915 seconds
  Import took 0.008840 seconds .

========================================================================
Received Import Request.
  Time since last request: 26.856110 seconds.
  path: Assets/_Scripts/Game/_Main/PhilaeManager.cs
  artifactKey: Guid(f94b382da70be38468e7191cef5bd678) Importer(815301076,1909f56bfc062723c751e8b465ee728b)
Start importing Assets/_Scripts/Game/_Main/PhilaeManager.cs using Guid(f94b382da70be38468e7191cef5bd678) Importer(815301076,1909f56bfc062723c751e8b465ee728b)  -> (artifact id: '0e5895880195f7b4a05962431dcdae55') in 0.008199 seconds
  Import took 0.014078 seconds .

========================================================================
Received Import Request.
  Time since last request: 280.863055 seconds.
  path: Assets/_Scripts/Extentions/FrequencyTimer.cs
  artifactKey: Guid(020590d9270e3a94c9dafb7a94565826) Importer(815301076,1909f56bfc062723c751e8b465ee728b)
Start importing Assets/_Scripts/Extentions/FrequencyTimer.cs using Guid(020590d9270e3a94c9dafb7a94565826) Importer(815301076,1909f56bfc062723c751e8b465ee728b)  -> (artifact id: 'a9be3cbcc75eb149d8bf283410e89c6e') in 0.008596 seconds
  Import took 0.014574 seconds .

========================================================================
Received Import Request.
  Time since last request: 2407.035507 seconds.
  path: Assets/_Prefabs/_Main/Coins No Move.prefab
  artifactKey: Guid(e2d6cebba7ac29e41b5bf6f57c0e129b) Importer(815301076,1909f56bfc062723c751e8b465ee728b)
Start importing Assets/_Prefabs/_Main/Coins No Move.prefab using Guid(e2d6cebba7ac29e41b5bf6f57c0e129b) Importer(815301076,1909f56bfc062723c751e8b465ee728b)  -> (artifact id: '624486a71885bb2c270a03301563bb52') in 0.243258 seconds
  Import took 0.256365 seconds .

========================================================================
Received Import Request.
  Time since last request: 1.353924 seconds.
  path: Assets/_Prefabs/_Main/Coins.prefab
  artifactKey: Guid(ebe72d0ea51f6264eb0dcd4f5daa07ae) Importer(815301076,1909f56bfc062723c751e8b465ee728b)
Start importing Assets/_Prefabs/_Main/Coins.prefab using Guid(ebe72d0ea51f6264eb0dcd4f5daa07ae) Importer(815301076,1909f56bfc062723c751e8b465ee728b)  -> (artifact id: '0c43e6b29a100b8767a5ada3eb9f6a45') in 0.027941 seconds
  Import took 0.034136 seconds .

========================================================================
Received Prepare
Registering precompiled user dll's ...
Registered in 0.029173 seconds.
Begin MonoManager ReloadAssembly
Native extension for WindowsStandalone target not found
Refreshing native plugins compatible for Editor in 0.92 ms, found 4 plugins.
Preloading 0 native plugins for Editor in 0.00 ms.
System.ArgumentNullException: Value cannot be null.
Parameter name: fieldInfo
  at Sirenix.Utilities.EmitUtilities.CreateStaticFieldSetter[FieldType] (System.Reflection.FieldInfo fieldInfo) [0x0009e] in D:\Sirenix\Sirenix Solution\Sirenix.Utilities\Misc\EmitUtilities.cs:210 
  at Sirenix.Utilities.Editor.GUIHelper..cctor () [0x001ad] in D:\Sirenix\Sirenix Solution\Sirenix.Utilities.Editor\GUI\GUIHelper.cs:87 
UnityEngine.StackTraceUtility:ExtractStackTrace ()
UnityEngine.DebugLogHandler:LogFormat (UnityEngine.LogType,UnityEngine.Object,string,object[])
UnityEngine.Logger:Log (UnityEngine.LogType,object)
UnityEngine.Debug:LogError (object)
UnityEditor.EditorAssemblies:ProcessInitializeOnLoadAttributes (System.Type[])

Mono: successfully reloaded assembly
- Completed reload, in  2.274 seconds
Platform modules already initialized, skipping
Refreshing native plugins compatible for Editor in 1.15 ms, found 4 plugins.
Preloading 0 native plugins for Editor in 0.00 ms.
Unloading 3009 Unused Serialized files (Serialized files now loaded: 0)
System memory in use before: 135.7 MB.
System memory in use after: 135.6 MB.

Unloading 70 unused Assets to reduce memory usage. Loaded Objects now: 3640.
Total: 33.777600 ms (FindLiveObjects: 0.268700 ms CreateObjectMapping: 0.139900 ms MarkObjects: 33.009300 ms  DeleteObjects: 0.358600 ms)

========================================================================
Received Import Request.
  Time since last request: 600.383988 seconds.
  path: Assets/_Scripts/Core/FPSDisplay.cs
  artifactKey: Guid(8ff07d8c605cf3446b3d517de02e25a5) Importer(815301076,1909f56bfc062723c751e8b465ee728b)
Start importing Assets/_Scripts/Core/FPSDisplay.cs using Guid(8ff07d8c605cf3446b3d517de02e25a5) Importer(815301076,1909f56bfc062723c751e8b465ee728b)  -> (artifact id: '69b0c7f3e7cc9180ead669e715d6a970') in 0.013403 seconds
  Import took 0.024553 seconds .

========================================================================
Received Import Request.
  Time since last request: 0.002108 seconds.
  path: Assets/_Scripts/Core/FPSDisplay.cs
  artifactKey: Guid(8ff07d8c605cf3446b3d517de02e25a5) Importer(815301076,1909f56bfc062723c751e8b465ee728b)
Start importing Assets/_Scripts/Core/FPSDisplay.cs using Guid(8ff07d8c605cf3446b3d517de02e25a5) Importer(815301076,1909f56bfc062723c751e8b465ee728b)  -> (artifact id: '69b0c7f3e7cc9180ead669e715d6a970') in 0.002271 seconds
  Import took 0.007646 seconds .

AssetImportWorkerClient::OnTransportError - code=2 error=End of file
